This file contains any messages produced by compilers while
running configure, to aid debugging if configure makes a mistake.

It was created by Tramp configure 2.2.13, which was
generated by GNU Autoconf 2.69.  Invocation command line was

  $ ./configure --with-contrib

## --------- ##
## Platform. ##
## --------- ##

hostname = Henrys-MBP.lan
uname -m = x86_64
uname -r = 15.2.0
uname -s = Darwin
uname -v = Darwin Kernel Version 15.2.0: Fri Nov 13 19:56:56 PST 2015; root:xnu-3248.20.55~2/RELEASE_X86_64

/usr/bin/uname -p = i386
/bin/uname -X     = unknown

/bin/arch              = unknown
/usr/bin/arch -k       = unknown
/usr/convex/getsysinfo = unknown
/usr/bin/hostinfo      = Mach kernel version:
	 Darwin Kernel Version 15.2.0: Fri Nov 13 19:56:56 PST 2015; root:xnu-3248.20.55~2/RELEASE_X86_64
Kernel configured for up to 8 processors.
4 processors are physically available.
8 processors are logically available.
Processor type: x86_64h (Intel x86-64h Haswell)
Processors active: 0 1 2 3 4 5 6 7
Primary memory available: 16.00 gigabytes
Default processor set: 331 tasks, 1905 threads, 8 processors
Load average: 1.62, Mach factor: 6.37
/bin/machine           = unknown
/usr/bin/oslevel       = unknown
/bin/universe          = unknown

PATH: /Users/henryvaaderpass/xiki-master/bin
PATH: /usr/local/sbin
PATH: /Users/henryvaaderpass/google-cloud-sdk/bin
PATH: /usr/local/bin
PATH: /usr/bin
PATH: /bin
PATH: /usr/sbin
PATH: /sbin


## ----------- ##
## Core tests. ##
## ----------- ##

configure:1707: Tramp 2.2.13
configure:1720: checking for gmake
configure:1750: result: no
configure:1720: checking for make
configure:1736: found /usr/bin/make
configure:1747: result: make
configure:1763: checking for reasonable make version
configure:1766: result: ok
configure:1774: checking whether make sets $(MAKE)
configure:1796: result: yes
configure:1876: checking for emacs
configure:1893: found /usr/local/bin/emacs
configure:1905: result: yes
configure:1918: checking for emacs flavor
emacs --no-site-file -batch -eval (let ((x (if (featurep 'xemacs) "yes" "no"))) (write-region (if (stringp x) (princ x) (prin1-to-string x)) nil "./conftest-3592"))
=> no
configure:1963: result: emacs
configure:1967: checking for emacs gvfs support
emacs --no-site-file -batch -eval (let ((x (if (featurep 'dbusbind) "yes" "no"))) (write-region (if (stringp x) (princ x) (prin1-to-string x)) nil "./conftest-3592"))
=> no
configure:2008: result: no
configure:2012: checking for emacs gateway support
emacs --no-site-file -batch -eval (let ((x (if (functionp 'make-network-process) "yes" "no"))) (write-region (if (stringp x) (princ x) (prin1-to-string x)) nil "./conftest-3592"))
=> yes
configure:2053: result: yes
configure:2069: checking for emacs version
emacs --no-site-file -batch -eval (let ((x (if (or (>= emacs-major-version 22)
		 (and (featurep 'xemacs)
		      (= emacs-major-version 21)
		      (>= emacs-minor-version 4)))
	     "ok"
	   (format "Tramp 2.2.13 is not fit for %s"
		   (when (string-match "^.*$" (emacs-version))
		     (match-string 0 (emacs-version))))))) (write-region (if (stringp x) (princ x) (prin1-to-string x)) nil "./conftest-3592"))
=> ok
configure:2110: result: ok
configure:2126: checking for base64.el
emacs --no-site-file -batch -eval (let ((x (progn (if (featurep 'xemacs) (require 'timer-funcs)) (load "base64.el" t) (fboundp 'base64-encode-region)))) (write-region (if (stringp x) (princ x) (prin1-to-string x)) nil "./conftest-3592"))
=> t
configure:2207: result: ok
configure:2215: checking for format-spec.el
emacs --no-site-file -batch -eval (let ((x (progn (if (featurep 'xemacs) (require 'timer-funcs)) (load "format-spec.el" t) (fboundp 'format-spec)))) (write-region (if (stringp x) (princ x) (prin1-to-string x)) nil "./conftest-3592"))
Loading /usr/local/Cellar/emacs/24.5/share/emacs/24.5/lisp/format-spec.el.gz...
uncompressing format-spec.el.gz...
uncompressing format-spec.el.gz...done
=> t
configure:2296: result: ok
configure:2304: checking for password.el
emacs --no-site-file -batch -eval (let ((x (progn (if (featurep 'xemacs) (require 'timer-funcs)) (load "password.el" t) (fboundp 'password-cache-add)))) (write-region (if (stringp x) (princ x) (prin1-to-string x)) nil "./conftest-3592"))
Loading /usr/local/share/emacs/site-lisp/password.el (source)...
=> t
configure:2385: result: ok
configure:2394: checking for socks.el
emacs --no-site-file -batch -eval (let ((x (progn (if (featurep 'xemacs) (require 'timer-funcs)) (load "socks.el" t) (fboundp 'socks-open-network-stream)))) (write-region (if (stringp x) (princ x) (prin1-to-string x)) nil "./conftest-3592"))
Loading /usr/local/Cellar/emacs/24.5/share/emacs/24.5/lisp/net/socks.el.gz...
uncompressing socks.el.gz...
uncompressing socks.el.gz...done
=> t
configure:2475: result: ok
configure:2486: checking for makeinfo
configure:2502: found /usr/bin/makeinfo
configure:2514: result: makeinfo
configure:2526: checking for reasonable makeinfo version
configure:2530: result: ok
configure:2542: checking for texi2dvi
configure:2558: found /usr/bin/texi2dvi
configure:2570: result: texi2dvi
configure:2582: checking for reasonable texi2dvi version
configure:2590: result: nok
configure:2592: WARNING: texi2dvi doesn't work, check $TEXINPUTS
configure:2604: checking for install-info
configure:2620: found /usr/bin/install-info
configure:2631: result: install-info
configure:2694: checking for installation chapter
configure:2703: result: yes
configure:2711: checking prefix 
configure:2719: result: /usr/local
configure:2722: checking datarootdir
configure:2735: result: ${prefix}/share
configure:2738: checking datadir
configure:2747: result: ${datarootdir}
configure:2756: checking lispdir
configure:2765: result: ${datadir}/emacs/site-lisp
configure:2770: checking infodir
configure:2797: result: ${prefix}/share/info
configure:2817: checking for ftp-upload
configure:2845: result: no
configure:3023: creating ./config.status

## ---------------------- ##
## Running config.status. ##
## ---------------------- ##

This file was extended by Tramp config.status 2.2.13, which was
generated by GNU Autoconf 2.69.  Invocation command line was

  CONFIG_FILES    = 
  CONFIG_HEADERS  = 
  CONFIG_LINKS    = 
  CONFIG_COMMANDS = 
  $ ./config.status 

on Henrys-MBP.lan

config.status:752: creating Makefile
config.status:752: creating contrib/Makefile
config.status:752: creating lisp/Makefile
config.status:752: creating lisp/trampver.el
config.status:752: creating test/Makefile
config.status:752: creating texi/Makefile
config.status:752: creating texi/trampver.texi
configure:4070: regenerate autoloads

## ---------------- ##
## Cache variables. ##
## ---------------- ##

EMACS_cv_SYS_base64_encode_region=t
EMACS_cv_SYS_emacs_version=ok
EMACS_cv_SYS_format_spec=t
EMACS_cv_SYS_gatewayp=yes
EMACS_cv_SYS_gvfsp=no
EMACS_cv_SYS_password_cache_add=t
EMACS_cv_SYS_socks_open_network_stream=t
EMACS_cv_SYS_xemacsp=no
ac_cv_env_build_alias_set=
ac_cv_env_build_alias_value=
ac_cv_env_host_alias_set=
ac_cv_env_host_alias_value=
ac_cv_env_target_alias_set=
ac_cv_env_target_alias_value=
ac_cv_prog_EMACS_test_emacs=yes
ac_cv_prog_FTP_UPLOAD=no
ac_cv_prog_INSTALL_INFO=install-info
ac_cv_prog_MAKE=make
ac_cv_prog_MAKEINFO=makeinfo
ac_cv_prog_TEXI2DVI=texi2dvi
ac_cv_prog_make_make_set=yes

## ----------------- ##
## Output variables. ##
## ----------------- ##

		      (= emacs-major-version 21)
		      (>= emacs-minor-version 4)))
		     (match-string 0 (emacs-version)))))'
		   (when (string-match "^.*$" (emacs-version))
		 (and (featurep '\''xemacs)
	     "ok"
	   (format "Tramp 2.2.13 is not fit for %s"
DEFS='-DPACKAGE_NAME=\"Tramp\" -DPACKAGE_TARNAME=\"tramp\" -DPACKAGE_VERSION=\"2.2.13\" -DPACKAGE_STRING=\"Tramp\ 2.2.13\" -DPACKAGE_BUGREPORT=\"tramp-devel@gnu.org\" -DPACKAGE_URL=\"\"'
ECHO_C='\c'
ECHO_N=''
ECHO_T=''
EMACS='emacs'
EMACS_GVFS='no'
EMACS_GW='yes'
EMACS_INFO='emacs'
EMACS_test_emacs='yes'
FTP_UPLOAD='no'
INSTALL_CHAPTER='yes'
INSTALL_INFO='install-info'
LIBOBJS=''
LIBS=''
LTLIBOBJS=''
MAKE='make'
MAKEINFO='makeinfo'
PACKAGE_BUGREPORT='tramp-devel@gnu.org'
PACKAGE_NAME='Tramp'
PACKAGE_STRING='Tramp 2.2.13'
PACKAGE_TARNAME='tramp'
PACKAGE_URL=''
PACKAGE_VERSION='2.2.13'
PATH_SEPARATOR=':'
SET_MAKE=''
SHELL='/bin/sh'
TEXI2DVI='no'
TRAMP_CLEAN_FILES='.\\\#* \\\#* .*~ *~ *.aux *.cp *.cps *.diff *.dvi *.elc *.fn *.fns *.html *.info *.ky *.log *.pg *.tmp *.toc *.tp *.vr *.vrs'
TRAMP_CONFIG_FILES='Makefile contrib/Makefile lisp/Makefile lisp/trampver.el test/Makefile texi/Makefile texi/trampver.texi'
TRAMP_CONTRIB_FILES=''
TRAMP_EMACS_MERGE_VERSION='2.2.12'
TRAMP_EMACS_VERSION_CHECK='(if (or (>= emacs-major-version 22)
abs_builddir=''
bindir='${exec_prefix}/bin'
build_alias=''
datadir='${datarootdir}'
datadir_default='$datarootdir_default'
datarootdir='${prefix}/share'
datarootdir_default='${prefix}/share'
docdir='${datarootdir}/doc/${PACKAGE_TARNAME}'
dvidir='${docdir}'
exec_prefix='${prefix}'
host_alias=''
htmldir='${docdir}'
includedir='${prefix}/include'
infodir='${prefix}/share/info'
infodir_default='/usr/local/share/info'
libdir='${exec_prefix}/lib'
libexecdir='${exec_prefix}/libexec'
lispdir='${datadir}/emacs/site-lisp'
lispdir_default='/usr/local/share/emacs/site-lisp'
localedir='${datarootdir}/locale'
localstatedir='${prefix}/var'
mandir='${datarootdir}/man'
oldincludedir='/usr/include'
pdfdir='${docdir}'
prefix='/usr/local'
prefix_default='/usr/local'
program_transform_name='s,x,x,'
psdir='${docdir}'
sbindir='${exec_prefix}/sbin'
sharedstatedir='${prefix}/com'
sysconfdir='${prefix}/etc'
target_alias=''

## ----------- ##
## confdefs.h. ##
## ----------- ##

/* confdefs.h */
#define PACKAGE_NAME "Tramp"
#define PACKAGE_TARNAME "tramp"
#define PACKAGE_VERSION "2.2.13"
#define PACKAGE_STRING "Tramp 2.2.13"
#define PACKAGE_BUGREPORT "tramp-devel@gnu.org"
#define PACKAGE_URL ""

configure: exit 0
